<?xml version="1.0" encoding="UTF-8"?>
<coverage generated="1773671820734" clover="3.2.0">
  <project timestamp="1773671820735" name="All files">
    <metrics statements="197" coveredstatements="188" conditionals="149" coveredconditionals="127" methods="78" coveredmethods="73" elements="424" coveredelements="388" complexity="0" loc="197" ncloc="197" packages="4" files="13" classes="13"/>
    <package name="api">
      <metrics statements="22" coveredstatements="22" conditionals="11" coveredconditionals="11" methods="16" coveredmethods="16"/>
      <file name="assessments.ts" path="/Users/lmarinaro/Developer/Investigacion/prunape/.worktrees/docs-and-tests/frontend/src/api/assessments.ts">
        <metrics statements="5" coveredstatements="5" conditionals="0" coveredconditionals="0" methods="5" coveredmethods="5"/>
        <line num="10" count="1" type="stmt"/>
        <line num="18" count="1" type="stmt"/>
        <line num="22" count="1" type="stmt"/>
        <line num="26" count="1" type="stmt"/>
        <line num="30" count="1" type="stmt"/>
      </file>
      <file name="client.ts" path="/Users/lmarinaro/Developer/Investigacion/prunape/.worktrees/docs-and-tests/frontend/src/api/client.ts">
        <metrics statements="11" coveredstatements="11" conditionals="8" coveredconditionals="8" methods="6" coveredmethods="6"/>
        <line num="1" count="8" type="cond" truecount="2" falsecount="0"/>
        <line num="4" count="7" type="stmt"/>
        <line num="8" count="7" type="cond" truecount="2" falsecount="0"/>
        <line num="9" count="3" type="stmt"/>
        <line num="10" count="3" type="cond" truecount="2" falsecount="0"/>
        <line num="12" count="4" type="cond" truecount="2" falsecount="0"/>
        <line num="13" count="3" type="stmt"/>
        <line num="17" count="4" type="stmt"/>
        <line num="21" count="1" type="stmt"/>
        <line num="25" count="1" type="stmt"/>
        <line num="29" count="1" type="stmt"/>
      </file>
      <file name="patients.ts" path="/Users/lmarinaro/Developer/Investigacion/prunape/.worktrees/docs-and-tests/frontend/src/api/patients.ts">
        <metrics statements="6" coveredstatements="6" conditionals="3" coveredconditionals="3" methods="5" coveredmethods="5"/>
        <line num="5" count="3" type="cond" truecount="2" falsecount="0"/>
        <line num="6" count="3" type="stmt"/>
        <line num="10" count="1" type="stmt"/>
        <line num="18" count="1" type="stmt"/>
        <line num="25" count="1" type="stmt"/>
        <line num="29" count="1" type="stmt"/>
      </file>
    </package>
    <package name="components">
      <metrics statements="62" coveredstatements="56" conditionals="56" coveredconditionals="47" methods="22" coveredmethods="19"/>
      <file name="PautaCard.tsx" path="/Users/lmarinaro/Developer/Investigacion/prunape/.worktrees/docs-and-tests/frontend/src/components/PautaCard.tsx">
        <metrics statements="4" coveredstatements="4" conditionals="18" coveredconditionals="18" methods="3" coveredmethods="3"/>
        <line num="10" count="23" type="cond" truecount="2" falsecount="0"/>
        <line num="12" count="23" type="stmt"/>
        <line num="46" count="4" type="stmt"/>
        <line num="60" count="1" type="stmt"/>
      </file>
      <file name="PercentileChart.tsx" path="/Users/lmarinaro/Developer/Investigacion/prunape/.worktrees/docs-and-tests/frontend/src/components/PercentileChart.tsx">
        <metrics statements="51" coveredstatements="45" conditionals="22" coveredconditionals="13" methods="13" coveredmethods="10"/>
        <line num="10" count="2" type="stmt"/>
        <line num="11" count="2" type="stmt"/>
        <line num="18" count="2" type="stmt"/>
        <line num="19" count="2" type="stmt"/>
        <line num="20" count="2" type="stmt"/>
        <line num="21" count="2" type="stmt"/>
        <line num="22" count="2" type="stmt"/>
        <line num="23" count="2" type="stmt"/>
        <line num="26" count="11" type="stmt"/>
        <line num="28" count="11" type="stmt"/>
        <line num="31" count="44" type="stmt"/>
        <line num="34" count="44" type="stmt"/>
        <line num="35" count="0" type="stmt"/>
        <line num="36" count="44" type="stmt"/>
        <line num="39" count="11" type="stmt"/>
        <line num="40" count="11" type="stmt"/>
        <line num="41" count="11" type="stmt"/>
        <line num="43" count="11" type="stmt"/>
        <line num="45" count="11" type="stmt"/>
        <line num="46" count="495" type="stmt"/>
        <line num="49" count="11" type="stmt"/>
        <line num="50" count="11" type="cond" truecount="2" falsecount="0"/>
        <line num="51" count="2" type="stmt"/>
        <line num="52" count="2" type="stmt"/>
        <line num="56" count="11" type="stmt"/>
        <line num="57" count="11" type="stmt"/>
        <line num="58" count="11" type="cond" truecount="3" falsecount="1"/>
        <line num="59" count="2" type="cond" truecount="1" falsecount="1"/>
        <line num="60" count="0" type="cond" truecount="0" falsecount="2"/>
        <line num="63" count="11" type="stmt"/>
        <line num="64" count="11" type="cond" truecount="2" falsecount="0"/>
        <line num="68" count="11" type="stmt"/>
        <line num="70" count="11" type="stmt"/>
        <line num="72" count="11" type="stmt"/>
        <line num="77" count="143" type="stmt"/>
        <line num="121" count="11" type="stmt"/>
        <line num="122" count="11" type="stmt"/>
        <line num="124" count="11" type="stmt"/>
        <line num="125" count="11" type="stmt"/>
        <line num="126" count="11" type="stmt"/>
        <line num="127" count="11" type="stmt"/>
        <line num="128" count="11" type="stmt"/>
        <line num="129" count="11" type="stmt"/>
        <line num="130" count="11" type="stmt"/>
        <line num="132" count="11" type="stmt"/>
        <line num="136" count="0" type="stmt"/>
        <line num="137" count="0" type="cond" truecount="0" falsecount="4"/>
        <line num="138" count="0" type="stmt"/>
        <line num="144" count="0" type="stmt"/>
        <line num="181" count="11" type="stmt"/>
        <line num="183" count="11" type="stmt"/>
      </file>
      <file name="ResultSummary.tsx" path="/Users/lmarinaro/Developer/Investigacion/prunape/.worktrees/docs-and-tests/frontend/src/components/ResultSummary.tsx">
        <metrics statements="7" coveredstatements="7" conditionals="16" coveredconditionals="16" methods="6" coveredmethods="6"/>
        <line num="8" count="20" type="stmt"/>
        <line num="9" count="20" type="stmt"/>
        <line num="10" count="20" type="stmt"/>
        <line num="11" count="20" type="stmt"/>
        <line num="13" count="20" type="stmt"/>
        <line num="43" count="4" type="stmt"/>
        <line num="57" count="2" type="stmt"/>
      </file>
    </package>
    <package name="pages">
      <metrics statements="113" coveredstatements="110" conditionals="82" coveredconditionals="69" methods="40" coveredmethods="38"/>
      <file name="AssessmentResultPage.tsx" path="/Users/lmarinaro/Developer/Investigacion/prunape/.worktrees/docs-and-tests/frontend/src/pages/AssessmentResultPage.tsx">
        <metrics statements="15" coveredstatements="15" conditionals="12" coveredconditionals="10" methods="5" coveredmethods="5"/>
        <line num="10" count="23" type="stmt"/>
        <line num="11" count="23" type="stmt"/>
        <line num="12" count="23" type="stmt"/>
        <line num="13" count="23" type="stmt"/>
        <line num="15" count="23" type="stmt"/>
        <line num="16" count="12" type="cond" truecount="1" falsecount="1"/>
        <line num="17" count="12" type="stmt"/>
        <line num="19" count="12" type="stmt"/>
        <line num="20" count="12" type="stmt"/>
        <line num="22" count="12" type="stmt"/>
        <line num="26" count="23" type="cond" truecount="2" falsecount="0"/>
        <line num="27" count="11" type="cond" truecount="1" falsecount="1"/>
        <line num="29" count="11" type="cond" truecount="2" falsecount="0"/>
        <line num="31" count="23" type="stmt"/>
        <line num="68" count="1" type="stmt"/>
      </file>
      <file name="HomePage.tsx" path="/Users/lmarinaro/Developer/Investigacion/prunape/.worktrees/docs-and-tests/frontend/src/pages/HomePage.tsx">
        <metrics statements="1" coveredstatements="1" conditionals="0" coveredconditionals="0" methods="1" coveredmethods="1"/>
        <line num="4" count="4" type="stmt"/>
      </file>
      <file name="NewAssessmentPage.tsx" path="/Users/lmarinaro/Developer/Investigacion/prunape/.worktrees/docs-and-tests/frontend/src/pages/NewAssessmentPage.tsx">
        <metrics statements="52" coveredstatements="50" conditionals="36" coveredconditionals="29" methods="18" coveredmethods="17"/>
        <line num="10" count="1" type="stmt"/>
        <line num="13" count="50" type="stmt"/>
        <line num="14" count="50" type="stmt"/>
        <line num="15" count="50" type="stmt"/>
        <line num="16" count="50" type="stmt"/>
        <line num="17" count="50" type="stmt"/>
        <line num="18" count="50" type="stmt"/>
        <line num="19" count="50" type="stmt"/>
        <line num="20" count="50" type="stmt"/>
        <line num="21" count="50" type="stmt"/>
        <line num="22" count="50" type="stmt"/>
        <line num="23" count="50" type="stmt"/>
        <line num="25" count="50" type="stmt"/>
        <line num="26" count="12" type="cond" truecount="1" falsecount="1"/>
        <line num="27" count="12" type="stmt"/>
        <line num="31" count="50" type="stmt"/>
        <line num="32" count="9" type="cond" truecount="1" falsecount="1"/>
        <line num="33" count="9" type="stmt"/>
        <line num="34" count="9" type="stmt"/>
        <line num="35" count="9" type="stmt"/>
        <line num="39" count="8" type="stmt"/>
        <line num="40" count="8" type="stmt"/>
        <line num="41" count="8" type="stmt"/>
        <line num="42" count="8" type="stmt"/>
        <line num="44" count="1" type="stmt"/>
        <line num="48" count="50" type="stmt"/>
        <line num="49" count="3" type="stmt"/>
        <line num="52" count="50" type="stmt"/>
        <line num="54" count="50" type="stmt"/>
        <line num="55" count="1" type="cond" truecount="1" falsecount="1"/>
        <line num="56" count="1" type="stmt"/>
        <line num="57" count="1" type="stmt"/>
        <line num="58" count="1" type="stmt"/>
        <line num="59" count="1" type="stmt"/>
        <line num="63" count="1" type="stmt"/>
        <line num="68" count="1" type="stmt"/>
        <line num="70" count="0" type="stmt"/>
        <line num="72" count="1" type="stmt"/>
        <line num="76" count="50" type="cond" truecount="2" falsecount="0"/>
        <line num="78" count="38" type="stmt"/>
        <line num="89" count="0" type="stmt"/>
        <line num="127" count="48" type="stmt"/>
        <line num="128" count="48" type="cond" truecount="2" falsecount="0"/>
        <line num="129" count="12" type="stmt"/>
        <line num="134" count="12" type="stmt"/>
        <line num="138" count="3" type="stmt"/>
        <line num="149" count="3" type="stmt"/>
        <line num="171" count="20" type="stmt"/>
        <line num="172" count="20" type="cond" truecount="2" falsecount="0"/>
        <line num="173" count="5" type="stmt"/>
        <line num="177" count="5" type="stmt"/>
        <line num="200" count="1" type="stmt"/>
      </file>
      <file name="PatientCreatePage.tsx" path="/Users/lmarinaro/Developer/Investigacion/prunape/.worktrees/docs-and-tests/frontend/src/pages/PatientCreatePage.tsx">
        <metrics statements="22" coveredstatements="21" conditionals="10" coveredconditionals="9" methods="5" coveredmethods="4"/>
        <line num="6" count="36" type="stmt"/>
        <line num="7" count="36" type="stmt"/>
        <line num="8" count="36" type="stmt"/>
        <line num="9" count="36" type="stmt"/>
        <line num="10" count="36" type="stmt"/>
        <line num="11" count="36" type="stmt"/>
        <line num="13" count="36" type="stmt"/>
        <line num="14" count="5" type="stmt"/>
        <line num="15" count="5" type="stmt"/>
        <line num="16" count="5" type="cond" truecount="4" falsecount="0"/>
        <line num="17" count="2" type="stmt"/>
        <line num="18" count="2" type="stmt"/>
        <line num="20" count="3" type="stmt"/>
        <line num="21" count="3" type="stmt"/>
        <line num="22" count="3" type="stmt"/>
        <line num="27" count="1" type="stmt"/>
        <line num="29" count="1" type="stmt"/>
        <line num="31" count="2" type="stmt"/>
        <line num="35" count="36" type="stmt"/>
        <line num="44" count="19" type="stmt"/>
        <line num="53" count="3" type="stmt"/>
        <line num="64" count="0" type="stmt"/>
      </file>
      <file name="PatientDetailPage.tsx" path="/Users/lmarinaro/Developer/Investigacion/prunape/.worktrees/docs-and-tests/frontend/src/pages/PatientDetailPage.tsx">
        <metrics statements="11" coveredstatements="11" conditionals="18" coveredconditionals="15" methods="4" coveredmethods="4"/>
        <line num="7" count="19" type="stmt"/>
        <line num="8" count="19" type="stmt"/>
        <line num="9" count="19" type="stmt"/>
        <line num="11" count="19" type="stmt"/>
        <line num="12" count="10" type="cond" truecount="1" falsecount="1"/>
        <line num="13" count="10" type="stmt"/>
        <line num="15" count="10" type="stmt"/>
        <line num="19" count="19" type="cond" truecount="2" falsecount="0"/>
        <line num="20" count="9" type="cond" truecount="1" falsecount="1"/>
        <line num="22" count="9" type="stmt"/>
        <line num="66" count="3" type="stmt"/>
      </file>
      <file name="PatientListPage.tsx" path="/Users/lmarinaro/Developer/Investigacion/prunape/.worktrees/docs-and-tests/frontend/src/pages/PatientListPage.tsx">
        <metrics statements="12" coveredstatements="12" conditionals="6" coveredconditionals="6" methods="7" coveredmethods="7"/>
        <line num="7" count="20" type="stmt"/>
        <line num="8" count="20" type="stmt"/>
        <line num="9" count="20" type="stmt"/>
        <line num="11" count="20" type="stmt"/>
        <line num="12" count="13" type="stmt"/>
        <line num="13" count="7" type="stmt"/>
        <line num="14" count="7" type="stmt"/>
        <line num="16" count="7" type="stmt"/>
        <line num="18" count="13" type="stmt"/>
        <line num="21" count="20" type="stmt"/>
        <line num="42" count="4" type="stmt"/>
        <line num="68" count="5" type="stmt"/>
      </file>
    </package>
    <package name="types">
      <metrics statements="0" coveredstatements="0" conditionals="0" coveredconditionals="0" methods="0" coveredmethods="0"/>
      <file name="index.ts" path="/Users/lmarinaro/Developer/Investigacion/prunape/.worktrees/docs-and-tests/frontend/src/types/index.ts">
        <metrics statements="0" coveredstatements="0" conditionals="0" coveredconditionals="0" methods="0" coveredmethods="0"/>
      </file>
    </package>
  </project>
</coverage>
