{"/Users/lmarinaro/Developer/Investigacion/prunape/.worktrees/docs-and-tests/frontend/src/api/assessments.ts": {"path":"/Users/lmarinaro/Developer/Investigacion/prunape/.worktrees/docs-and-tests/frontend/src/api/assessments.ts","statementMap":{"0":{"start":{"line":10,"column":2},"end":{"line":10,"column":null}},"1":{"start":{"line":18,"column":2},"end":{"line":18,"column":null}},"2":{"start":{"line":22,"column":2},"end":{"line":22,"column":null}},"3":{"start":{"line":26,"column":2},"end":{"line":26,"column":null}},"4":{"start":{"line":30,"column":2},"end":{"line":30,"column":null}}},"fnMap":{"0":{"name":"calculateAge","decl":{"start":{"line":4,"column":16},"end":{"line":4,"column":29}},"loc":{"start":{"line":9,"column":3},"end":{"line":10,"column":null}},"line":9},"1":{"name":"createAssessment","decl":{"start":{"line":13,"column":16},"end":{"line":13,"column":33}},"loc":{"start":{"line":17,"column":3},"end":{"line":18,"column":null}},"line":17},"2":{"name":"getAssessment","decl":{"start":{"line":21,"column":16},"end":{"line":21,"column":30}},"loc":{"start":{"line":21,"column":42},"end":{"line":22,"column":null}},"line":21},"3":{"name":"deleteAssessment","decl":{"start":{"line":25,"column":16},"end":{"line":25,"column":33}},"loc":{"start":{"line":25,"column":45},"end":{"line":26,"column":null}},"line":25},"4":{"name":"getAllPautas","decl":{"start":{"line":29,"column":16},"end":{"line":29,"column":31}},"loc":{"start":{"line":29,"column":31},"end":{"line":30,"column":null}},"line":29}},"branchMap":{},"s":{"0":1,"1":1,"2":1,"3":1,"4":1},"f":{"0":1,"1":1,"2":1,"3":1,"4":1},"b":{},"meta":{"lastBranch":0,"lastFunction":5,"lastStatement":5,"seen":{"f:4:16:4:29":0,"s:10:2:10:Infinity":0,"f:13:16:13:33":1,"s:18:2:18:Infinity":1,"f:21:16:21:30":2,"s:22:2:22:Infinity":2,"f:25:16:25:33":3,"s:26:2:26:Infinity":3,"f:29:16:29:31":4,"s:30:2:30:Infinity":4}}}
,"/Users/lmarinaro/Developer/Investigacion/prunape/.worktrees/docs-and-tests/frontend/src/api/client.ts": {"path":"/Users/lmarinaro/Developer/Investigacion/prunape/.worktrees/docs-and-tests/frontend/src/api/client.ts","statementMap":{"0":{"start":{"line":1,"column":17},"end":{"line":1,"column":null}},"1":{"start":{"line":4,"column":14},"end":{"line":7,"column":4}},"2":{"start":{"line":8,"column":2},"end":{"line":10,"column":null}},"3":{"start":{"line":9,"column":18},"end":{"line":9,"column":76}},"4":{"start":{"line":9,"column":48},"end":{"line":9,"column":74}},"5":{"start":{"line":10,"column":4},"end":{"line":10,"column":null}},"6":{"start":{"line":12,"column":2},"end":{"line":12,"column":null}},"7":{"start":{"line":12,"column":26},"end":{"line":12,"column":null}},"8":{"start":{"line":13,"column":2},"end":{"line":13,"column":null}},"9":{"start":{"line":17,"column":2},"end":{"line":17,"column":null}},"10":{"start":{"line":21,"column":2},"end":{"line":21,"column":null}},"11":{"start":{"line":25,"column":2},"end":{"line":25,"column":null}},"12":{"start":{"line":29,"column":2},"end":{"line":29,"column":null}}},"fnMap":{"0":{"name":"request","decl":{"start":{"line":3,"column":15},"end":{"line":3,"column":26}},"loc":{"start":{"line":3,"column":75},"end":{"line":13,"column":null}},"line":3},"1":{"name":"(anonymous_1)","decl":{"start":{"line":9,"column":35},"end":{"line":9,"column":48}},"loc":{"start":{"line":9,"column":48},"end":{"line":9,"column":74}},"line":9},"2":{"name":"get","decl":{"start":{"line":16,"column":16},"end":{"line":16,"column":23}},"loc":{"start":{"line":16,"column":37},"end":{"line":17,"column":null}},"line":16},"3":{"name":"post","decl":{"start":{"line":20,"column":16},"end":{"line":20,"column":24}},"loc":{"start":{"line":20,"column":53},"end":{"line":21,"column":null}},"line":20},"4":{"name":"put","decl":{"start":{"line":24,"column":16},"end":{"line":24,"column":23}},"loc":{"start":{"line":24,"column":52},"end":{"line":25,"column":null}},"line":24},"5":{"name":"del","decl":{"start":{"line":28,"column":16},"end":{"line":28,"column":20}},"loc":{"start":{"line":28,"column":34},"end":{"line":29,"column":null}},"line":28}},"branchMap":{"0":{"loc":{"start":{"line":1,"column":17},"end":{"line":1,"column":null}},"type":"binary-expr","locations":[{"start":{"line":1,"column":17},"end":{"line":1,"column":49}},{"start":{"line":1,"column":49},"end":{"line":1,"column":null}}],"line":1},"1":{"loc":{"start":{"line":8,"column":2},"end":{"line":10,"column":null}},"type":"if","locations":[{"start":{"line":8,"column":2},"end":{"line":10,"column":null}},{"start":{},"end":{}}],"line":8},"2":{"loc":{"start":{"line":10,"column":20},"end":{"line":10,"column":60}},"type":"binary-expr","locations":[{"start":{"line":10,"column":20},"end":{"line":10,"column":36}},{"start":{"line":10,"column":36},"end":{"line":10,"column":60}}],"line":10},"3":{"loc":{"start":{"line":12,"column":2},"end":{"line":12,"column":null}},"type":"if","locations":[{"start":{"line":12,"column":2},"end":{"line":12,"column":null}},{"start":{},"end":{}}],"line":12}},"s":{"0":8,"1":7,"2":7,"3":3,"4":1,"5":3,"6":4,"7":1,"8":3,"9":4,"10":1,"11":1,"12":1},"f":{"0":7,"1":1,"2":4,"3":1,"4":1,"5":1},"b":{"0":[8,8],"1":[3,4],"2":[3,1],"3":[1,3]},"meta":{"lastBranch":4,"lastFunction":6,"lastStatement":13,"seen":{"s:1:17:1:Infinity":0,"b:1:17:1:49:1:49:1:Infinity":0,"f:3:15:3:26":0,"s:4:14:7:4":1,"b:8:2:10:Infinity:undefined:undefined:undefined:undefined":1,"s:8:2:10:Infinity":2,"s:9:18:9:76":3,"f:9:35:9:48":1,"s:9:48:9:74":4,"s:10:4:10:Infinity":5,"b:10:20:10:36:10:36:10:60":2,"b:12:2:12:Infinity:undefined:undefined:undefined:undefined":3,"s:12:2:12:Infinity":6,"s:12:26:12:Infinity":7,"s:13:2:13:Infinity":8,"f:16:16:16:23":2,"s:17:2:17:Infinity":9,"f:20:16:20:24":3,"s:21:2:21:Infinity":10,"f:24:16:24:23":4,"s:25:2:25:Infinity":11,"f:28:16:28:20":5,"s:29:2:29:Infinity":12}}}
,"/Users/lmarinaro/Developer/Investigacion/prunape/.worktrees/docs-and-tests/frontend/src/api/patients.ts": {"path":"/Users/lmarinaro/Developer/Investigacion/prunape/.worktrees/docs-and-tests/frontend/src/api/patients.ts","statementMap":{"0":{"start":{"line":5,"column":12},"end":{"line":5,"column":null}},"1":{"start":{"line":6,"column":2},"end":{"line":6,"column":null}},"2":{"start":{"line":10,"column":2},"end":{"line":10,"column":null}},"3":{"start":{"line":18,"column":2},"end":{"line":18,"column":null}},"4":{"start":{"line":25,"column":2},"end":{"line":25,"column":null}},"5":{"start":{"line":29,"column":2},"end":{"line":29,"column":null}}},"fnMap":{"0":{"name":"listPatients","decl":{"start":{"line":4,"column":16},"end":{"line":4,"column":29}},"loc":{"start":{"line":4,"column":42},"end":{"line":6,"column":null}},"line":4},"1":{"name":"getPatient","decl":{"start":{"line":9,"column":16},"end":{"line":9,"column":27}},"loc":{"start":{"line":9,"column":39},"end":{"line":10,"column":null}},"line":9},"2":{"name":"createPatient","decl":{"start":{"line":13,"column":16},"end":{"line":13,"column":30}},"loc":{"start":{"line":17,"column":3},"end":{"line":18,"column":null}},"line":17},"3":{"name":"updatePatient","decl":{"start":{"line":21,"column":16},"end":{"line":21,"column":null}},"loc":{"start":{"line":24,"column":2},"end":{"line":25,"column":null}},"line":24},"4":{"name":"deletePatient","decl":{"start":{"line":28,"column":16},"end":{"line":28,"column":30}},"loc":{"start":{"line":28,"column":42},"end":{"line":29,"column":null}},"line":28}},"branchMap":{"0":{"loc":{"start":{"line":4,"column":29},"end":{"line":4,"column":42}},"type":"default-arg","locations":[{"start":{"line":4,"column":38},"end":{"line":4,"column":42}}],"line":4},"1":{"loc":{"start":{"line":5,"column":12},"end":{"line":5,"column":null}},"type":"cond-expr","locations":[{"start":{"line":5,"column":21},"end":{"line":5,"column":63}},{"start":{"line":5,"column":63},"end":{"line":5,"column":null}}],"line":5}},"s":{"0":3,"1":3,"2":1,"3":1,"4":1,"5":1},"f":{"0":3,"1":1,"2":1,"3":1,"4":1},"b":{"0":[3],"1":[2,1]},"meta":{"lastBranch":2,"lastFunction":5,"lastStatement":6,"seen":{"f:4:16:4:29":0,"b:4:38:4:42":0,"s:5:12:5:Infinity":0,"b:5:21:5:63:5:63:5:Infinity":1,"s:6:2:6:Infinity":1,"f:9:16:9:27":1,"s:10:2:10:Infinity":2,"f:13:16:13:30":2,"s:18:2:18:Infinity":3,"f:21:16:21:Infinity":3,"s:25:2:25:Infinity":4,"f:28:16:28:30":4,"s:29:2:29:Infinity":5}}}
,"/Users/lmarinaro/Developer/Investigacion/prunape/.worktrees/docs-and-tests/frontend/src/components/PautaCard.tsx": {"path":"/Users/lmarinaro/Developer/Investigacion/prunape/.worktrees/docs-and-tests/frontend/src/components/PautaCard.tsx","statementMap":{"0":{"start":{"line":10,"column":22},"end":{"line":10,"column":null}},"1":{"start":{"line":12,"column":2},"end":{"line":72,"column":null}},"2":{"start":{"line":46,"column":25},"end":{"line":46,"column":39}},"3":{"start":{"line":60,"column":25},"end":{"line":60,"column":40}}},"fnMap":{"0":{"name":"PautaCard","decl":{"start":{"line":9,"column":24},"end":{"line":9,"column":34}},"loc":{"start":{"line":9,"column":70},"end":{"line":72,"column":null}},"line":9},"1":{"name":"(anonymous_1)","decl":{"start":{"line":46,"column":10},"end":{"line":46,"column":25}},"loc":{"start":{"line":46,"column":25},"end":{"line":46,"column":39}},"line":46},"2":{"name":"(anonymous_2)","decl":{"start":{"line":60,"column":10},"end":{"line":60,"column":25}},"loc":{"start":{"line":60,"column":25},"end":{"line":60,"column":40}},"line":60}},"branchMap":{"0":{"loc":{"start":{"line":10,"column":22},"end":{"line":10,"column":null}},"type":"cond-expr","locations":[{"start":{"line":10,"column":49},"end":{"line":10,"column":61}},{"start":{"line":10,"column":61},"end":{"line":10,"column":null}}],"line":10},"1":{"loc":{"start":{"line":31,"column":26},"end":{"line":31,"column":null}},"type":"cond-expr","locations":[{"start":{"line":31,"column":53},"end":{"line":31,"column":65}},{"start":{"line":31,"column":65},"end":{"line":31,"column":null}}],"line":31},"2":{"loc":{"start":{"line":32,"column":21},"end":{"line":32,"column":null}},"type":"cond-expr","locations":[{"start":{"line":32,"column":48},"end":{"line":32,"column":60}},{"start":{"line":32,"column":60},"end":{"line":32,"column":null}}],"line":32},"3":{"loc":{"start":{"line":48,"column":24},"end":{"line":48,"column":null}},"type":"cond-expr","locations":[{"start":{"line":48,"column":42},"end":{"line":48,"column":54}},{"start":{"line":48,"column":54},"end":{"line":48,"column":null}}],"line":48},"4":{"loc":{"start":{"line":49,"column":19},"end":{"line":49,"column":null}},"type":"cond-expr","locations":[{"start":{"line":49,"column":37},"end":{"line":49,"column":47}},{"start":{"line":49,"column":47},"end":{"line":49,"column":null}}],"line":49},"5":{"loc":{"start":{"line":54,"column":24},"end":{"line":54,"column":null}},"type":"cond-expr","locations":[{"start":{"line":54,"column":42},"end":{"line":54,"column":48}},{"start":{"line":54,"column":48},"end":{"line":54,"column":null}}],"line":54},"6":{"loc":{"start":{"line":62,"column":24},"end":{"line":62,"column":null}},"type":"cond-expr","locations":[{"start":{"line":62,"column":43},"end":{"line":62,"column":55}},{"start":{"line":62,"column":55},"end":{"line":62,"column":null}}],"line":62},"7":{"loc":{"start":{"line":63,"column":19},"end":{"line":63,"column":null}},"type":"cond-expr","locations":[{"start":{"line":63,"column":38},"end":{"line":63,"column":48}},{"start":{"line":63,"column":48},"end":{"line":63,"column":null}}],"line":63},"8":{"loc":{"start":{"line":68,"column":24},"end":{"line":68,"column":null}},"type":"cond-expr","locations":[{"start":{"line":68,"column":43},"end":{"line":68,"column":49}},{"start":{"line":68,"column":49},"end":{"line":68,"column":null}}],"line":68}},"s":{"0":23,"1":23,"2":4,"3":1},"f":{"0":23,"1":4,"2":1},"b":{"0":[21,2],"1":[21,2],"2":[21,2],"3":[5,18],"4":[5,18],"5":[5,18],"6":[1,22],"7":[1,22],"8":[1,22]},"meta":{"lastBranch":9,"lastFunction":3,"lastStatement":4,"seen":{"f:9:24:9:34":0,"s:10:22:10:Infinity":0,"b:10:49:10:61:10:61:10:Infinity":0,"s:12:2:72:Infinity":1,"b:31:53:31:65:31:65:31:Infinity":1,"b:32:48:32:60:32:60:32:Infinity":2,"f:46:10:46:25":1,"s:46:25:46:39":2,"b:48:42:48:54:48:54:48:Infinity":3,"b:49:37:49:47:49:47:49:Infinity":4,"b:54:42:54:48:54:48:54:Infinity":5,"f:60:10:60:25":2,"s:60:25:60:40":3,"b:62:43:62:55:62:55:62:Infinity":6,"b:63:38:63:48:63:48:63:Infinity":7,"b:68:43:68:49:68:49:68:Infinity":8}}}
,"/Users/lmarinaro/Developer/Investigacion/prunape/.worktrees/docs-and-tests/frontend/src/components/PercentileChart.tsx": {"path":"/Users/lmarinaro/Developer/Investigacion/prunape/.worktrees/docs-and-tests/frontend/src/components/PercentileChart.tsx","statementMap":{"0":{"start":{"line":10,"column":14},"end":{"line":10,"column":null}},"1":{"start":{"line":11,"column":44},"end":{"line":16,"column":null}},"2":{"start":{"line":18,"column":15},"end":{"line":18,"column":null}},"3":{"start":{"line":19,"column":19},"end":{"line":19,"column":null}},"4":{"start":{"line":20,"column":16},"end":{"line":20,"column":null}},"5":{"start":{"line":21,"column":27},"end":{"line":21,"column":null}},"6":{"start":{"line":22,"column":17},"end":{"line":22,"column":null}},"7":{"start":{"line":23,"column":16},"end":{"line":23,"column":null}},"8":{"start":{"line":26,"column":18},"end":{"line":26,"column":93}},"9":{"start":{"line":28,"column":21},"end":{"line":28,"column":null}},"10":{"start":{"line":31,"column":18},"end":{"line":36,"column":40}},"11":{"start":{"line":31,"column":39},"end":{"line":36,"column":5}},"12":{"start":{"line":34,"column":21},"end":{"line":34,"column":37}},"13":{"start":{"line":35,"column":22},"end":{"line":35,"column":null}},"14":{"start":{"line":36,"column":20},"end":{"line":36,"column":40}},"15":{"start":{"line":39,"column":20},"end":{"line":39,"column":null}},"16":{"start":{"line":40,"column":2},"end":{"line":41,"column":null}},"17":{"start":{"line":41,"column":4},"end":{"line":41,"column":null}},"18":{"start":{"line":43,"column":20},"end":{"line":43,"column":null}},"19":{"start":{"line":45,"column":20},"end":{"line":45,"column":null}},"20":{"start":{"line":46,"column":8},"end":{"line":46,"column":null}},"21":{"start":{"line":46,"column":33},"end":{"line":46,"column":null}},"22":{"start":{"line":49,"column":18},"end":{"line":49,"column":51}},"23":{"start":{"line":50,"column":2},"end":{"line":52,"column":null}},"24":{"start":{"line":51,"column":4},"end":{"line":52,"column":null}},"25":{"start":{"line":52,"column":6},"end":{"line":52,"column":null}},"26":{"start":{"line":56,"column":8},"end":{"line":60,"column":null}},"27":{"start":{"line":57,"column":17},"end":{"line":57,"column":37}},"28":{"start":{"line":58,"column":4},"end":{"line":58,"column":null}},"29":{"start":{"line":58,"column":15},"end":{"line":58,"column":null}},"30":{"start":{"line":59,"column":4},"end":{"line":59,"column":null}},"31":{"start":{"line":59,"column":21},"end":{"line":59,"column":null}},"32":{"start":{"line":60,"column":4},"end":{"line":60,"column":null}},"33":{"start":{"line":63,"column":8},"end":{"line":64,"column":null}},"34":{"start":{"line":64,"column":4},"end":{"line":64,"column":null}},"35":{"start":{"line":68,"column":16},"end":{"line":68,"column":null}},"36":{"start":{"line":70,"column":16},"end":{"line":70,"column":null}},"37":{"start":{"line":72,"column":2},"end":{"line":236,"column":null}},"38":{"start":{"line":77,"column":10},"end":{"line":95,"column":null}},"39":{"start":{"line":121,"column":24},"end":{"line":121,"column":null}},"40":{"start":{"line":122,"column":10},"end":{"line":122,"column":null}},"41":{"start":{"line":124,"column":23},"end":{"line":179,"column":null}},"42":{"start":{"line":125,"column":25},"end":{"line":125,"column":null}},"43":{"start":{"line":126,"column":23},"end":{"line":126,"column":31}},"44":{"start":{"line":127,"column":25},"end":{"line":127,"column":60}},"45":{"start":{"line":128,"column":25},"end":{"line":128,"column":60}},"46":{"start":{"line":129,"column":26},"end":{"line":129,"column":59}},"47":{"start":{"line":130,"column":28},"end":{"line":130,"column":51}},"48":{"start":{"line":132,"column":12},"end":{"line":177,"column":null}},"49":{"start":{"line":136,"column":31},"end":{"line":136,"column":52}},"50":{"start":{"line":137,"column":33},"end":{"line":137,"column":null}},"51":{"start":{"line":138,"column":18},"end":{"line":142,"column":null}},"52":{"start":{"line":144,"column":36},"end":{"line":144,"column":52}},"53":{"start":{"line":181,"column":10},"end":{"line":181,"column":null}},"54":{"start":{"line":183,"column":10},"end":{"line":204,"column":null}}},"fnMap":{"0":{"name":"PercentileChart","decl":{"start":{"line":25,"column":24},"end":{"line":25,"column":40}},"loc":{"start":{"line":25,"column":91},"end":{"line":236,"column":null}},"line":25},"1":{"name":"(anonymous_1)","decl":{"start":{"line":31,"column":24},"end":{"line":31,"column":29}},"loc":{"start":{"line":31,"column":39},"end":{"line":36,"column":5}},"line":31},"2":{"name":"(anonymous_2)","decl":{"start":{"line":34,"column":7},"end":{"line":34,"column":15}},"loc":{"start":{"line":34,"column":21},"end":{"line":34,"column":37}},"line":34},"3":{"name":"(anonymous_3)","decl":{"start":{"line":35,"column":7},"end":{"line":35,"column":13}},"loc":{"start":{"line":35,"column":22},"end":{"line":35,"column":null}},"line":35},"4":{"name":"(anonymous_4)","decl":{"start":{"line":36,"column":6},"end":{"line":36,"column":14}},"loc":{"start":{"line":36,"column":20},"end":{"line":36,"column":40}},"line":36},"5":{"name":"(anonymous_5)","decl":{"start":{"line":46,"column":8},"end":{"line":46,"column":17}},"loc":{"start":{"line":46,"column":33},"end":{"line":46,"column":null}},"line":46},"6":{"name":"(anonymous_6)","decl":{"start":{"line":56,"column":8},"end":{"line":56,"column":23}},"loc":{"start":{"line":56,"column":57},"end":{"line":60,"column":null}},"line":56},"7":{"name":"(anonymous_7)","decl":{"start":{"line":63,"column":8},"end":{"line":63,"column":25}},"loc":{"start":{"line":63,"column":45},"end":{"line":64,"column":null}},"line":63},"8":{"name":"(anonymous_8)","decl":{"start":{"line":76,"column":15},"end":{"line":76,"column":20}},"loc":{"start":{"line":77,"column":10},"end":{"line":95,"column":null}},"line":77},"9":{"name":"(anonymous_9)","decl":{"start":{"line":120,"column":17},"end":{"line":120,"column":22}},"loc":{"start":{"line":120,"column":32},"end":{"line":204,"column":null}},"line":120},"10":{"name":"(anonymous_10)","decl":{"start":{"line":124,"column":36},"end":{"line":124,"column":41}},"loc":{"start":{"line":124,"column":54},"end":{"line":179,"column":null}},"line":124},"11":{"name":"(anonymous_11)","decl":{"start":{"line":135,"column":16},"end":{"line":135,"column":31}},"loc":{"start":{"line":135,"column":37},"end":{"line":142,"column":null}},"line":135},"12":{"name":"(anonymous_12)","decl":{"start":{"line":144,"column":16},"end":{"line":144,"column":36}},"loc":{"start":{"line":144,"column":36},"end":{"line":144,"column":52}},"line":144}},"branchMap":{"0":{"loc":{"start":{"line":50,"column":2},"end":{"line":52,"column":null}},"type":"if","locations":[{"start":{"line":50,"column":2},"end":{"line":52,"column":null}},{"start":{},"end":{}}],"line":50},"1":{"loc":{"start":{"line":58,"column":4},"end":{"line":58,"column":null}},"type":"if","locations":[{"start":{"line":58,"column":4},"end":{"line":58,"column":null}},{"start":{},"end":{}}],"line":58},"2":{"loc":{"start":{"line":58,"column":22},"end":{"line":58,"column":null}},"type":"binary-expr","locations":[{"start":{"line":58,"column":22},"end":{"line":58,"column":43}},{"start":{"line":58,"column":43},"end":{"line":58,"column":null}}],"line":58},"3":{"loc":{"start":{"line":59,"column":4},"end":{"line":59,"column":null}},"type":"if","locations":[{"start":{"line":59,"column":4},"end":{"line":59,"column":null}},{"start":{},"end":{}}],"line":59},"4":{"loc":{"start":{"line":60,"column":11},"end":{"line":60,"column":null}},"type":"cond-expr","locations":[{"start":{"line":60,"column":37},"end":{"line":60,"column":49}},{"start":{"line":60,"column":49},"end":{"line":60,"column":null}}],"line":60},"5":{"loc":{"start":{"line":64,"column":11},"end":{"line":64,"column":null}},"type":"cond-expr","locations":[{"start":{"line":64,"column":34},"end":{"line":64,"column":41}},{"start":{"line":64,"column":41},"end":{"line":64,"column":null}}],"line":64},"6":{"loc":{"start":{"line":93,"column":15},"end":{"line":93,"column":null}},"type":"cond-expr","locations":[{"start":{"line":93,"column":29},"end":{"line":93,"column":39}},{"start":{"line":93,"column":39},"end":{"line":93,"column":null}}],"line":93},"7":{"loc":{"start":{"line":137,"column":33},"end":{"line":137,"column":null}},"type":"cond-expr","locations":[{"start":{"line":137,"column":41},"end":{"line":137,"column":81}},{"start":{"line":137,"column":81},"end":{"line":137,"column":null}}],"line":137},"8":{"loc":{"start":{"line":137,"column":41},"end":{"line":137,"column":81}},"type":"cond-expr","locations":[{"start":{"line":137,"column":55},"end":{"line":137,"column":66}},{"start":{"line":137,"column":66},"end":{"line":137,"column":81}}],"line":137},"9":{"loc":{"start":{"line":175,"column":19},"end":{"line":175,"column":null}},"type":"cond-expr","locations":[{"start":{"line":175,"column":44},"end":{"line":175,"column":78}},{"start":{"line":175,"column":78},"end":{"line":175,"column":null}}],"line":175},"10":{"loc":{"start":{"line":210,"column":7},"end":{"line":227,"column":null}},"type":"binary-expr","locations":[{"start":{"line":210,"column":7},"end":{"line":210,"column":null}},{"start":{"line":211,"column":8},"end":{"line":227,"column":null}}],"line":210}},"s":{"0":2,"1":2,"2":2,"3":2,"4":2,"5":2,"6":2,"7":2,"8":11,"9":11,"10":11,"11":44,"12":44,"13":0,"14":44,"15":11,"16":11,"17":11,"18":11,"19":11,"20":11,"21":495,"22":11,"23":11,"24":2,"25":2,"26":11,"27":11,"28":11,"29":9,"30":2,"31":2,"32":0,"33":11,"34":11,"35":11,"36":11,"37":11,"38":143,"39":11,"40":11,"41":11,"42":11,"43":11,"44":11,"45":11,"46":11,"47":11,"48":11,"49":0,"50":0,"51":0,"52":0,"53":11,"54":11},"f":{"0":11,"1":44,"2":44,"3":0,"4":44,"5":495,"6":11,"7":11,"8":143,"9":11,"10":11,"11":0,"12":0},"b":{"0":[2,9],"1":[9,2],"2":[9,0],"3":[2,0],"4":[0,0],"5":[2,9],"6":[77,66],"7":[0,0],"8":[0,0],"9":[1,10],"10":[11,0]},"meta":{"lastBranch":11,"lastFunction":13,"lastStatement":55,"seen":{"s:10:14:10:Infinity":0,"s:11:44:16:Infinity":1,"s:18:15:18:Infinity":2,"s:19:19:19:Infinity":3,"s:20:16:20:Infinity":4,"s:21:27:21:Infinity":5,"s:22:17:22:Infinity":6,"s:23:16:23:Infinity":7,"f:25:24:25:40":0,"s:26:18:26:93":8,"s:28:21:28:Infinity":9,"s:31:18:36:40":10,"f:31:24:31:29":1,"s:31:39:36:5":11,"f:34:7:34:15":2,"s:34:21:34:37":12,"f:35:7:35:13":3,"s:35:22:35:Infinity":13,"f:36:6:36:14":4,"s:36:20:36:40":14,"s:39:20:39:Infinity":15,"s:40:2:41:Infinity":16,"s:41:4:41:Infinity":17,"s:43:20:43:Infinity":18,"s:45:20:45:Infinity":19,"s:46:8:46:Infinity":20,"f:46:8:46:17":5,"s:46:33:46:Infinity":21,"s:49:18:49:51":22,"b:50:2:52:Infinity:undefined:undefined:undefined:undefined":0,"s:50:2:52:Infinity":23,"s:51:4:52:Infinity":24,"s:52:6:52:Infinity":25,"s:56:8:60:Infinity":26,"f:56:8:56:23":6,"s:57:17:57:37":27,"b:58:4:58:Infinity:undefined:undefined:undefined:undefined":1,"s:58:4:58:Infinity":28,"s:58:15:58:Infinity":29,"b:58:22:58:43:58:43:58:Infinity":2,"b:59:4:59:Infinity:undefined:undefined:undefined:undefined":3,"s:59:4:59:Infinity":30,"s:59:21:59:Infinity":31,"s:60:4:60:Infinity":32,"b:60:37:60:49:60:49:60:Infinity":4,"s:63:8:64:Infinity":33,"f:63:8:63:25":7,"s:64:4:64:Infinity":34,"b:64:34:64:41:64:41:64:Infinity":5,"s:68:16:68:Infinity":35,"s:70:16:70:Infinity":36,"s:72:2:236:Infinity":37,"f:76:15:76:20":8,"s:77:10:95:Infinity":38,"b:93:29:93:39:93:39:93:Infinity":6,"f:120:17:120:22":9,"s:121:24:121:Infinity":39,"s:122:10:122:Infinity":40,"s:124:23:179:Infinity":41,"f:124:36:124:41":10,"s:125:25:125:Infinity":42,"s:126:23:126:31":43,"s:127:25:127:60":44,"s:128:25:128:60":45,"s:129:26:129:59":46,"s:130:28:130:51":47,"s:132:12:177:Infinity":48,"f:135:16:135:31":11,"s:136:31:136:52":49,"s:137:33:137:Infinity":50,"b:137:41:137:81:137:81:137:Infinity":7,"b:137:55:137:66:137:66:137:81":8,"s:138:18:142:Infinity":51,"f:144:16:144:36":12,"s:144:36:144:52":52,"b:175:44:175:78:175:78:175:Infinity":9,"s:181:10:181:Infinity":53,"s:183:10:204:Infinity":54,"b:210:7:210:Infinity:211:8:227:Infinity":10}}}
,"/Users/lmarinaro/Developer/Investigacion/prunape/.worktrees/docs-and-tests/frontend/src/components/ResultSummary.tsx": {"path":"/Users/lmarinaro/Developer/Investigacion/prunape/.worktrees/docs-and-tests/frontend/src/components/ResultSummary.tsx","statementMap":{"0":{"start":{"line":8,"column":17},"end":{"line":8,"column":null}},"1":{"start":{"line":9,"column":22},"end":{"line":9,"column":63}},"2":{"start":{"line":9,"column":53},"end":{"line":9,"column":63}},"3":{"start":{"line":10,"column":24},"end":{"line":10,"column":71}},"4":{"start":{"line":10,"column":50},"end":{"line":10,"column":71}},"5":{"start":{"line":11,"column":24},"end":{"line":11,"column":71}},"6":{"start":{"line":11,"column":50},"end":{"line":11,"column":71}},"7":{"start":{"line":13,"column":2},"end":{"line":73,"column":null}},"8":{"start":{"line":43,"column":18},"end":{"line":45,"column":null}},"9":{"start":{"line":57,"column":18},"end":{"line":59,"column":null}}},"fnMap":{"0":{"name":"ResultSummary","decl":{"start":{"line":7,"column":24},"end":{"line":7,"column":38}},"loc":{"start":{"line":7,"column":61},"end":{"line":73,"column":null}},"line":7},"1":{"name":"(anonymous_1)","decl":{"start":{"line":9,"column":39},"end":{"line":9,"column":47}},"loc":{"start":{"line":9,"column":53},"end":{"line":9,"column":63}},"line":9},"2":{"name":"(anonymous_2)","decl":{"start":{"line":10,"column":36},"end":{"line":10,"column":44}},"loc":{"start":{"line":10,"column":50},"end":{"line":10,"column":71}},"line":10},"3":{"name":"(anonymous_3)","decl":{"start":{"line":11,"column":36},"end":{"line":11,"column":44}},"loc":{"start":{"line":11,"column":50},"end":{"line":11,"column":71}},"line":11},"4":{"name":"(anonymous_4)","decl":{"start":{"line":42,"column":31},"end":{"line":42,"column":36}},"loc":{"start":{"line":43,"column":18},"end":{"line":45,"column":null}},"line":43},"5":{"name":"(anonymous_5)","decl":{"start":{"line":56,"column":31},"end":{"line":56,"column":36}},"loc":{"start":{"line":57,"column":18},"end":{"line":59,"column":null}},"line":57}},"branchMap":{"0":{"loc":{"start":{"line":16,"column":20},"end":{"line":16,"column":null}},"type":"cond-expr","locations":[{"start":{"line":16,"column":29},"end":{"line":16,"column":41}},{"start":{"line":16,"column":41},"end":{"line":16,"column":null}}],"line":16},"1":{"loc":{"start":{"line":17,"column":29},"end":{"line":17,"column":null}},"type":"cond-expr","locations":[{"start":{"line":17,"column":38},"end":{"line":17,"column":50}},{"start":{"line":17,"column":50},"end":{"line":17,"column":null}}],"line":17},"2":{"loc":{"start":{"line":27,"column":17},"end":{"line":27,"column":null}},"type":"cond-expr","locations":[{"start":{"line":27,"column":26},"end":{"line":27,"column":38}},{"start":{"line":27,"column":38},"end":{"line":27,"column":null}}],"line":27},"3":{"loc":{"start":{"line":31,"column":9},"end":{"line":31,"column":null}},"type":"cond-expr","locations":[{"start":{"line":31,"column":18},"end":{"line":31,"column":27}},{"start":{"line":31,"column":27},"end":{"line":31,"column":null}}],"line":31},"4":{"loc":{"start":{"line":34,"column":7},"end":{"line":66,"column":null}},"type":"binary-expr","locations":[{"start":{"line":34,"column":7},"end":{"line":34,"column":null}},{"start":{"line":35,"column":8},"end":{"line":66,"column":null}}],"line":34},"5":{"loc":{"start":{"line":36,"column":11},"end":{"line":47,"column":null}},"type":"binary-expr","locations":[{"start":{"line":36,"column":11},"end":{"line":36,"column":null}},{"start":{"line":37,"column":12},"end":{"line":47,"column":null}}],"line":36},"6":{"loc":{"start":{"line":50,"column":11},"end":{"line":61,"column":null}},"type":"binary-expr","locations":[{"start":{"line":50,"column":11},"end":{"line":50,"column":null}},{"start":{"line":51,"column":12},"end":{"line":61,"column":null}}],"line":50},"7":{"loc":{"start":{"line":70,"column":7},"end":{"line":73,"column":null}},"type":"binary-expr","locations":[{"start":{"line":70,"column":7},"end":{"line":70,"column":null}},{"start":{"line":71,"column":8},"end":{"line":73,"column":null}}],"line":70}},"s":{"0":20,"1":20,"2":20,"3":20,"4":6,"5":20,"6":6,"7":20,"8":4,"9":2},"f":{"0":20,"1":20,"2":6,"3":6,"4":4,"5":2},"b":{"0":[13,7],"1":[13,7],"2":[13,7],"3":[13,7],"4":[20,7],"5":[7,4],"6":[7,2],"7":[20,13]},"meta":{"lastBranch":8,"lastFunction":6,"lastStatement":10,"seen":{"f:7:24:7:38":0,"s:8:17:8:Infinity":0,"s:9:22:9:63":1,"f:9:39:9:47":1,"s:9:53:9:63":2,"s:10:24:10:71":3,"f:10:36:10:44":2,"s:10:50:10:71":4,"s:11:24:11:71":5,"f:11:36:11:44":3,"s:11:50:11:71":6,"s:13:2:73:Infinity":7,"b:16:29:16:41:16:41:16:Infinity":0,"b:17:38:17:50:17:50:17:Infinity":1,"b:27:26:27:38:27:38:27:Infinity":2,"b:31:18:31:27:31:27:31:Infinity":3,"b:34:7:34:Infinity:35:8:66:Infinity":4,"b:36:11:36:Infinity:37:12:47:Infinity":5,"f:42:31:42:36":4,"s:43:18:45:Infinity":8,"b:50:11:50:Infinity:51:12:61:Infinity":6,"f:56:31:56:36":5,"s:57:18:59:Infinity":9,"b:70:7:70:Infinity:71:8:73:Infinity":7}}}
,"/Users/lmarinaro/Developer/Investigacion/prunape/.worktrees/docs-and-tests/frontend/src/pages/AssessmentResultPage.tsx": {"path":"/Users/lmarinaro/Developer/Investigacion/prunape/.worktrees/docs-and-tests/frontend/src/pages/AssessmentResultPage.tsx","statementMap":{"0":{"start":{"line":10,"column":10},"end":{"line":10,"column":44}},"1":{"start":{"line":11,"column":21},"end":{"line":11,"column":71}},"2":{"start":{"line":12,"column":20},"end":{"line":12,"column":57}},"3":{"start":{"line":13,"column":18},"end":{"line":13,"column":46}},"4":{"start":{"line":15,"column":2},"end":{"line":24,"column":null}},"5":{"start":{"line":16,"column":4},"end":{"line":22,"column":null}},"6":{"start":{"line":17,"column":6},"end":{"line":22,"column":null}},"7":{"start":{"line":19,"column":10},"end":{"line":19,"column":null}},"8":{"start":{"line":20,"column":10},"end":{"line":20,"column":null}},"9":{"start":{"line":22,"column":23},"end":{"line":22,"column":40}},"10":{"start":{"line":26,"column":2},"end":{"line":26,"column":null}},"11":{"start":{"line":26,"column":15},"end":{"line":26,"column":null}},"12":{"start":{"line":27,"column":2},"end":{"line":27,"column":null}},"13":{"start":{"line":27,"column":19},"end":{"line":27,"column":null}},"14":{"start":{"line":29,"column":23},"end":{"line":29,"column":null}},"15":{"start":{"line":31,"column":2},"end":{"line":81,"column":null}},"16":{"start":{"line":68,"column":25},"end":{"line":68,"column":39}}},"fnMap":{"0":{"name":"AssessmentResultPage","decl":{"start":{"line":9,"column":24},"end":{"line":9,"column":47}},"loc":{"start":{"line":9,"column":47},"end":{"line":81,"column":null}},"line":9},"1":{"name":"(anonymous_1)","decl":{"start":{"line":15,"column":2},"end":{"line":15,"column":18}},"loc":{"start":{"line":15,"column":18},"end":{"line":24,"column":6}},"line":15},"2":{"name":"(anonymous_2)","decl":{"start":{"line":18,"column":9},"end":{"line":18,"column":15}},"loc":{"start":{"line":18,"column":26},"end":{"line":21,"column":null}},"line":18},"3":{"name":"(anonymous_3)","decl":{"start":{"line":22,"column":9},"end":{"line":22,"column":23}},"loc":{"start":{"line":22,"column":23},"end":{"line":22,"column":40}},"line":22},"4":{"name":"(anonymous_4)","decl":{"start":{"line":68,"column":10},"end":{"line":68,"column":25}},"loc":{"start":{"line":68,"column":25},"end":{"line":68,"column":39}},"line":68}},"branchMap":{"0":{"loc":{"start":{"line":16,"column":4},"end":{"line":22,"column":null}},"type":"if","locations":[{"start":{"line":16,"column":4},"end":{"line":22,"column":null}},{"start":{},"end":{}}],"line":16},"1":{"loc":{"start":{"line":26,"column":2},"end":{"line":26,"column":null}},"type":"if","locations":[{"start":{"line":26,"column":2},"end":{"line":26,"column":null}},{"start":{},"end":{}}],"line":26},"2":{"loc":{"start":{"line":27,"column":2},"end":{"line":27,"column":null}},"type":"if","locations":[{"start":{"line":27,"column":2},"end":{"line":27,"column":null}},{"start":{},"end":{}}],"line":27},"3":{"loc":{"start":{"line":29,"column":23},"end":{"line":29,"column":null}},"type":"binary-expr","locations":[{"start":{"line":29,"column":23},"end":{"line":29,"column":51}},{"start":{"line":29,"column":51},"end":{"line":29,"column":null}}],"line":29},"4":{"loc":{"start":{"line":47,"column":11},"end":{"line":48,"column":null}},"type":"binary-expr","locations":[{"start":{"line":47,"column":11},"end":{"line":47,"column":null}},{"start":{"line":48,"column":12},"end":{"line":48,"column":null}}],"line":47},"5":{"loc":{"start":{"line":55,"column":7},"end":{"line":62,"column":null}},"type":"binary-expr","locations":[{"start":{"line":55,"column":7},"end":{"line":55,"column":null}},{"start":{"line":56,"column":8},"end":{"line":62,"column":null}}],"line":55}},"s":{"0":23,"1":23,"2":23,"3":23,"4":23,"5":12,"6":12,"7":12,"8":12,"9":12,"10":23,"11":12,"12":11,"13":11,"14":11,"15":23,"16":1},"f":{"0":23,"1":12,"2":12,"3":12,"4":1},"b":{"0":[12,0],"1":[12,11],"2":[0,11],"3":[11,10],"4":[23,1],"5":[23,1]},"meta":{"lastBranch":6,"lastFunction":5,"lastStatement":17,"seen":{"f:9:24:9:47":0,"s:10:10:10:44":0,"s:11:21:11:71":1,"s:12:20:12:57":2,"s:13:18:13:46":3,"s:15:2:24:Infinity":4,"f:15:2:15:18":1,"b:16:4:22:Infinity:undefined:undefined:undefined:undefined":0,"s:16:4:22:Infinity":5,"s:17:6:22:Infinity":6,"f:18:9:18:15":2,"s:19:10:19:Infinity":7,"s:20:10:20:Infinity":8,"f:22:9:22:23":3,"s:22:23:22:40":9,"b:26:2:26:Infinity:undefined:undefined:undefined:undefined":1,"s:26:2:26:Infinity":10,"s:26:15:26:Infinity":11,"b:27:2:27:Infinity:undefined:undefined:undefined:undefined":2,"s:27:2:27:Infinity":12,"s:27:19:27:Infinity":13,"s:29:23:29:Infinity":14,"b:29:23:29:51:29:51:29:Infinity":3,"s:31:2:81:Infinity":15,"b:47:11:47:Infinity:48:12:48:Infinity":4,"b:55:7:55:Infinity:56:8:62:Infinity":5,"f:68:10:68:25":4,"s:68:25:68:39":16}}}
,"/Users/lmarinaro/Developer/Investigacion/prunape/.worktrees/docs-and-tests/frontend/src/pages/HomePage.tsx": {"path":"/Users/lmarinaro/Developer/Investigacion/prunape/.worktrees/docs-and-tests/frontend/src/pages/HomePage.tsx","statementMap":{"0":{"start":{"line":4,"column":2},"end":{"line":34,"column":null}}},"fnMap":{"0":{"name":"HomePage","decl":{"start":{"line":3,"column":24},"end":{"line":3,"column":35}},"loc":{"start":{"line":3,"column":35},"end":{"line":34,"column":null}},"line":3}},"branchMap":{},"s":{"0":4},"f":{"0":4},"b":{},"meta":{"lastBranch":0,"lastFunction":1,"lastStatement":1,"seen":{"f:3:24:3:35":0,"s:4:2:34:Infinity":0}}}
,"/Users/lmarinaro/Developer/Investigacion/prunape/.worktrees/docs-and-tests/frontend/src/pages/NewAssessmentPage.tsx": {"path":"/Users/lmarinaro/Developer/Investigacion/prunape/.worktrees/docs-and-tests/frontend/src/pages/NewAssessmentPage.tsx","statementMap":{"0":{"start":{"line":10,"column":14},"end":{"line":10,"column":null}},"1":{"start":{"line":13,"column":10},"end":{"line":13,"column":44}},"2":{"start":{"line":14,"column":8},"end":{"line":14,"column":32}},"3":{"start":{"line":15,"column":18},"end":{"line":15,"column":62}},"4":{"start":{"line":16,"column":15},"end":{"line":16,"column":48}},"5":{"start":{"line":17,"column":25},"end":{"line":17,"column":94}},"6":{"start":{"line":18,"column":17},"end":{"line":18,"column":61}},"7":{"start":{"line":19,"column":18},"end":{"line":19,"column":69}},"8":{"start":{"line":20,"column":16},"end":{"line":20,"column":40}},"9":{"start":{"line":21,"column":21},"end":{"line":21,"column":53}},"10":{"start":{"line":22,"column":20},"end":{"line":22,"column":65}},"11":{"start":{"line":23,"column":23},"end":{"line":23,"column":71}},"12":{"start":{"line":25,"column":2},"end":{"line":29,"column":null}},"13":{"start":{"line":26,"column":4},"end":{"line":27,"column":null}},"14":{"start":{"line":27,"column":6},"end":{"line":27,"column":null}},"15":{"start":{"line":31,"column":29},"end":{"line":44,"column":null}},"16":{"start":{"line":32,"column":4},"end":{"line":32,"column":null}},"17":{"start":{"line":32,"column":13},"end":{"line":32,"column":null}},"18":{"start":{"line":33,"column":4},"end":{"line":33,"column":null}},"19":{"start":{"line":34,"column":4},"end":{"line":44,"column":null}},"20":{"start":{"line":35,"column":21},"end":{"line":38,"column":8}},"21":{"start":{"line":39,"column":6},"end":{"line":39,"column":null}},"22":{"start":{"line":40,"column":6},"end":{"line":40,"column":null}},"23":{"start":{"line":41,"column":6},"end":{"line":41,"column":null}},"24":{"start":{"line":42,"column":6},"end":{"line":42,"column":null}},"25":{"start":{"line":44,"column":6},"end":{"line":44,"column":null}},"26":{"start":{"line":48,"column":8},"end":{"line":49,"column":null}},"27":{"start":{"line":49,"column":4},"end":{"line":49,"column":null}},"28":{"start":{"line":49,"column":26},"end":{"line":49,"column":58}},"29":{"start":{"line":52,"column":22},"end":{"line":52,"column":70}},"30":{"start":{"line":52,"column":42},"end":{"line":52,"column":70}},"31":{"start":{"line":54,"column":23},"end":{"line":72,"column":null}},"32":{"start":{"line":55,"column":4},"end":{"line":55,"column":null}},"33":{"start":{"line":55,"column":13},"end":{"line":55,"column":null}},"34":{"start":{"line":56,"column":4},"end":{"line":56,"column":null}},"35":{"start":{"line":57,"column":4},"end":{"line":57,"column":null}},"36":{"start":{"line":58,"column":4},"end":{"line":72,"column":null}},"37":{"start":{"line":59,"column":43},"end":{"line":62,"column":9}},"38":{"start":{"line":59,"column":62},"end":{"line":62,"column":9}},"39":{"start":{"line":63,"column":25},"end":{"line":67,"column":8}},"40":{"start":{"line":68,"column":6},"end":{"line":68,"column":null}},"41":{"start":{"line":70,"column":6},"end":{"line":70,"column":null}},"42":{"start":{"line":72,"column":6},"end":{"line":72,"column":null}},"43":{"start":{"line":76,"column":2},"end":{"line":76,"column":null}},"44":{"start":{"line":76,"column":16},"end":{"line":76,"column":null}},"45":{"start":{"line":78,"column":2},"end":{"line":229,"column":null}},"46":{"start":{"line":89,"column":31},"end":{"line":89,"column":64}},"47":{"start":{"line":127,"column":31},"end":{"line":127,"column":68}},"48":{"start":{"line":127,"column":52},"end":{"line":127,"column":68}},"49":{"start":{"line":128,"column":12},"end":{"line":128,"column":null}},"50":{"start":{"line":128,"column":41},"end":{"line":128,"column":null}},"51":{"start":{"line":129,"column":12},"end":{"line":142,"column":null}},"52":{"start":{"line":134,"column":20},"end":{"line":139,"column":null}},"53":{"start":{"line":138,"column":44},"end":{"line":138,"column":null}},"54":{"start":{"line":149,"column":29},"end":{"line":149,"column":46}},"55":{"start":{"line":171,"column":33},"end":{"line":171,"column":70}},"56":{"start":{"line":171,"column":54},"end":{"line":171,"column":70}},"57":{"start":{"line":172,"column":14},"end":{"line":172,"column":null}},"58":{"start":{"line":172,"column":43},"end":{"line":172,"column":null}},"59":{"start":{"line":173,"column":14},"end":{"line":193,"column":null}},"60":{"start":{"line":177,"column":20},"end":{"line":191,"column":null}},"61":{"start":{"line":200,"column":29},"end":{"line":200,"column":48}}},"fnMap":{"0":{"name":"NewAssessmentPage","decl":{"start":{"line":12,"column":24},"end":{"line":12,"column":44}},"loc":{"start":{"line":12,"column":44},"end":{"line":229,"column":null}},"line":12},"1":{"name":"(anonymous_1)","decl":{"start":{"line":25,"column":2},"end":{"line":25,"column":18}},"loc":{"start":{"line":25,"column":18},"end":{"line":29,"column":6}},"line":25},"2":{"name":"(anonymous_2)","decl":{"start":{"line":31,"column":29},"end":{"line":31,"column":41}},"loc":{"start":{"line":31,"column":41},"end":{"line":44,"column":null}},"line":31},"3":{"name":"(anonymous_3)","decl":{"start":{"line":48,"column":8},"end":{"line":48,"column":24}},"loc":{"start":{"line":48,"column":61},"end":{"line":49,"column":null}},"line":48},"4":{"name":"(anonymous_4)","decl":{"start":{"line":49,"column":4},"end":{"line":49,"column":16}},"loc":{"start":{"line":49,"column":26},"end":{"line":49,"column":58}},"line":49},"5":{"name":"(anonymous_5)","decl":{"start":{"line":52,"column":29},"end":{"line":52,"column":36}},"loc":{"start":{"line":52,"column":42},"end":{"line":52,"column":70}},"line":52},"6":{"name":"(anonymous_6)","decl":{"start":{"line":54,"column":23},"end":{"line":54,"column":35}},"loc":{"start":{"line":54,"column":35},"end":{"line":72,"column":null}},"line":54},"7":{"name":"(anonymous_7)","decl":{"start":{"line":59,"column":50},"end":{"line":59,"column":55}},"loc":{"start":{"line":59,"column":62},"end":{"line":62,"column":9}},"line":59},"8":{"name":"(anonymous_8)","decl":{"start":{"line":89,"column":14},"end":{"line":89,"column":25}},"loc":{"start":{"line":89,"column":31},"end":{"line":89,"column":64}},"line":89},"9":{"name":"(anonymous_9)","decl":{"start":{"line":126,"column":17},"end":{"line":126,"column":22}},"loc":{"start":{"line":126,"column":31},"end":{"line":144,"column":null}},"line":126},"10":{"name":"(anonymous_10)","decl":{"start":{"line":127,"column":38},"end":{"line":127,"column":46}},"loc":{"start":{"line":127,"column":52},"end":{"line":127,"column":68}},"line":127},"11":{"name":"(anonymous_11)","decl":{"start":{"line":133,"column":30},"end":{"line":133,"column":35}},"loc":{"start":{"line":134,"column":20},"end":{"line":139,"column":null}},"line":134},"12":{"name":"(anonymous_12)","decl":{"start":{"line":138,"column":22},"end":{"line":138,"column":33}},"loc":{"start":{"line":138,"column":44},"end":{"line":138,"column":null}},"line":138},"13":{"name":"(anonymous_13)","decl":{"start":{"line":149,"column":14},"end":{"line":149,"column":29}},"loc":{"start":{"line":149,"column":29},"end":{"line":149,"column":46}},"line":149},"14":{"name":"(anonymous_14)","decl":{"start":{"line":170,"column":19},"end":{"line":170,"column":24}},"loc":{"start":{"line":170,"column":33},"end":{"line":195,"column":null}},"line":170},"15":{"name":"(anonymous_15)","decl":{"start":{"line":171,"column":40},"end":{"line":171,"column":48}},"loc":{"start":{"line":171,"column":54},"end":{"line":171,"column":70}},"line":171},"16":{"name":"(anonymous_16)","decl":{"start":{"line":176,"column":30},"end":{"line":176,"column":35}},"loc":{"start":{"line":177,"column":20},"end":{"line":191,"column":null}},"line":177},"17":{"name":"(anonymous_17)","decl":{"start":{"line":200,"column":14},"end":{"line":200,"column":29}},"loc":{"start":{"line":200,"column":29},"end":{"line":200,"column":48}},"line":200}},"branchMap":{"0":{"loc":{"start":{"line":26,"column":4},"end":{"line":27,"column":null}},"type":"if","locations":[{"start":{"line":26,"column":4},"end":{"line":27,"column":null}},{"start":{},"end":{}}],"line":26},"1":{"loc":{"start":{"line":32,"column":4},"end":{"line":32,"column":null}},"type":"if","locations":[{"start":{"line":32,"column":4},"end":{"line":32,"column":null}},{"start":{},"end":{}}],"line":32},"2":{"loc":{"start":{"line":55,"column":4},"end":{"line":55,"column":null}},"type":"if","locations":[{"start":{"line":55,"column":4},"end":{"line":55,"column":null}},{"start":{},"end":{}}],"line":55},"3":{"loc":{"start":{"line":76,"column":2},"end":{"line":76,"column":null}},"type":"if","locations":[{"start":{"line":76,"column":2},"end":{"line":76,"column":null}},{"start":{},"end":{}}],"line":76},"4":{"loc":{"start":{"line":82,"column":7},"end":{"line":108,"column":null}},"type":"binary-expr","locations":[{"start":{"line":82,"column":7},"end":{"line":82,"column":null}},{"start":{"line":83,"column":8},"end":{"line":108,"column":null}}],"line":82},"5":{"loc":{"start":{"line":93,"column":11},"end":{"line":93,"column":null}},"type":"binary-expr","locations":[{"start":{"line":93,"column":11},"end":{"line":93,"column":20}},{"start":{"line":93,"column":20},"end":{"line":93,"column":null}}],"line":93},"6":{"loc":{"start":{"line":112,"column":7},"end":{"line":163,"column":null}},"type":"binary-expr","locations":[{"start":{"line":112,"column":7},"end":{"line":112,"column":null}},{"start":{"line":113,"column":8},"end":{"line":163,"column":null}}],"line":112},"7":{"loc":{"start":{"line":117,"column":15},"end":{"line":118,"column":null}},"type":"binary-expr","locations":[{"start":{"line":117,"column":15},"end":{"line":117,"column":null}},{"start":{"line":118,"column":16},"end":{"line":118,"column":null}}],"line":117},"8":{"loc":{"start":{"line":128,"column":12},"end":{"line":128,"column":null}},"type":"if","locations":[{"start":{"line":128,"column":12},"end":{"line":128,"column":null}},{"start":{},"end":{}}],"line":128},"9":{"loc":{"start":{"line":146,"column":11},"end":{"line":146,"column":null}},"type":"binary-expr","locations":[{"start":{"line":146,"column":11},"end":{"line":146,"column":20}},{"start":{"line":146,"column":20},"end":{"line":146,"column":null}}],"line":146},"10":{"loc":{"start":{"line":152,"column":28},"end":{"line":152,"column":null}},"type":"cond-expr","locations":[{"start":{"line":152,"column":42},"end":{"line":152,"column":54}},{"start":{"line":152,"column":54},"end":{"line":152,"column":null}}],"line":152},"11":{"loc":{"start":{"line":157,"column":24},"end":{"line":157,"column":null}},"type":"cond-expr","locations":[{"start":{"line":157,"column":38},"end":{"line":157,"column":50}},{"start":{"line":157,"column":50},"end":{"line":157,"column":null}}],"line":157},"12":{"loc":{"start":{"line":166,"column":7},"end":{"line":227,"column":null}},"type":"binary-expr","locations":[{"start":{"line":166,"column":7},"end":{"line":166,"column":null}},{"start":{"line":167,"column":8},"end":{"line":227,"column":null}}],"line":166},"13":{"loc":{"start":{"line":172,"column":14},"end":{"line":172,"column":null}},"type":"if","locations":[{"start":{"line":172,"column":14},"end":{"line":172,"column":null}},{"start":{},"end":{}}],"line":172},"14":{"loc":{"start":{"line":180,"column":33},"end":{"line":180,"column":null}},"type":"cond-expr","locations":[{"start":{"line":180,"column":49},"end":{"line":180,"column":61}},{"start":{"line":180,"column":61},"end":{"line":180,"column":null}}],"line":180},"15":{"loc":{"start":{"line":185,"column":25},"end":{"line":185,"column":null}},"type":"cond-expr","locations":[{"start":{"line":185,"column":41},"end":{"line":185,"column":52}},{"start":{"line":185,"column":52},"end":{"line":185,"column":null}}],"line":185},"16":{"loc":{"start":{"line":197,"column":11},"end":{"line":197,"column":null}},"type":"binary-expr","locations":[{"start":{"line":197,"column":11},"end":{"line":197,"column":20}},{"start":{"line":197,"column":20},"end":{"line":197,"column":null}}],"line":197},"17":{"loc":{"start":{"line":224,"column":15},"end":{"line":224,"column":null}},"type":"cond-expr","locations":[{"start":{"line":224,"column":28},"end":{"line":224,"column":45}},{"start":{"line":224,"column":45},"end":{"line":224,"column":null}}],"line":224}},"s":{"0":1,"1":50,"2":50,"3":50,"4":50,"5":50,"6":50,"7":50,"8":50,"9":50,"10":50,"11":50,"12":50,"13":12,"14":12,"15":50,"16":9,"17":0,"18":9,"19":9,"20":9,"21":8,"22":8,"23":8,"24":8,"25":1,"26":50,"27":3,"28":3,"29":50,"30":17,"31":50,"32":1,"33":0,"34":1,"35":1,"36":1,"37":1,"38":1,"39":1,"40":1,"41":0,"42":1,"43":50,"44":12,"45":38,"46":0,"47":48,"48":48,"49":48,"50":36,"51":12,"52":12,"53":3,"54":3,"55":20,"56":20,"57":20,"58":15,"59":5,"60":5,"61":1},"f":{"0":50,"1":12,"2":9,"3":3,"4":3,"5":17,"6":1,"7":1,"8":0,"9":48,"10":48,"11":12,"12":3,"13":3,"14":20,"15":20,"16":5,"17":1},"b":{"0":[12,0],"1":[0,9],"2":[0,1],"3":[12,38],"4":[38,21],"5":[21,1],"6":[50,12],"7":[12,1],"8":[36,12],"9":[12,0],"10":[4,8],"11":[4,8],"12":[50,5],"13":[15,5],"14":[5,0],"15":[5,0],"16":[5,0],"17":[1,4]},"meta":{"lastBranch":18,"lastFunction":18,"lastStatement":62,"seen":{"s:10:14:10:Infinity":0,"f:12:24:12:44":0,"s:13:10:13:44":1,"s:14:8:14:32":2,"s:15:18:15:62":3,"s:16:15:16:48":4,"s:17:25:17:94":5,"s:18:17:18:61":6,"s:19:18:19:69":7,"s:20:16:20:40":8,"s:21:21:21:53":9,"s:22:20:22:65":10,"s:23:23:23:71":11,"s:25:2:29:Infinity":12,"f:25:2:25:18":1,"b:26:4:27:Infinity:undefined:undefined:undefined:undefined":0,"s:26:4:27:Infinity":13,"s:27:6:27:Infinity":14,"s:31:29:44:Infinity":15,"f:31:29:31:41":2,"b:32:4:32:Infinity:undefined:undefined:undefined:undefined":1,"s:32:4:32:Infinity":16,"s:32:13:32:Infinity":17,"s:33:4:33:Infinity":18,"s:34:4:44:Infinity":19,"s:35:21:38:8":20,"s:39:6:39:Infinity":21,"s:40:6:40:Infinity":22,"s:41:6:41:Infinity":23,"s:42:6:42:Infinity":24,"s:44:6:44:Infinity":25,"s:48:8:49:Infinity":26,"f:48:8:48:24":3,"s:49:4:49:Infinity":27,"f:49:4:49:16":4,"s:49:26:49:58":28,"s:52:22:52:70":29,"f:52:29:52:36":5,"s:52:42:52:70":30,"s:54:23:72:Infinity":31,"f:54:23:54:35":6,"b:55:4:55:Infinity:undefined:undefined:undefined:undefined":2,"s:55:4:55:Infinity":32,"s:55:13:55:Infinity":33,"s:56:4:56:Infinity":34,"s:57:4:57:Infinity":35,"s:58:4:72:Infinity":36,"s:59:43:62:9":37,"f:59:50:59:55":7,"s:59:62:62:9":38,"s:63:25:67:8":39,"s:68:6:68:Infinity":40,"s:70:6:70:Infinity":41,"s:72:6:72:Infinity":42,"b:76:2:76:Infinity:undefined:undefined:undefined:undefined":3,"s:76:2:76:Infinity":43,"s:76:16:76:Infinity":44,"s:78:2:229:Infinity":45,"b:82:7:82:Infinity:83:8:108:Infinity":4,"f:89:14:89:25":8,"s:89:31:89:64":46,"b:93:11:93:20:93:20:93:Infinity":5,"b:112:7:112:Infinity:113:8:163:Infinity":6,"b:117:15:117:Infinity:118:16:118:Infinity":7,"f:126:17:126:22":9,"s:127:31:127:68":47,"f:127:38:127:46":10,"s:127:52:127:68":48,"b:128:12:128:Infinity:undefined:undefined:undefined:undefined":8,"s:128:12:128:Infinity":49,"s:128:41:128:Infinity":50,"s:129:12:142:Infinity":51,"f:133:30:133:35":11,"s:134:20:139:Infinity":52,"f:138:22:138:33":12,"s:138:44:138:Infinity":53,"b:146:11:146:20:146:20:146:Infinity":9,"f:149:14:149:29":13,"s:149:29:149:46":54,"b:152:42:152:54:152:54:152:Infinity":10,"b:157:38:157:50:157:50:157:Infinity":11,"b:166:7:166:Infinity:167:8:227:Infinity":12,"f:170:19:170:24":14,"s:171:33:171:70":55,"f:171:40:171:48":15,"s:171:54:171:70":56,"b:172:14:172:Infinity:undefined:undefined:undefined:undefined":13,"s:172:14:172:Infinity":57,"s:172:43:172:Infinity":58,"s:173:14:193:Infinity":59,"f:176:30:176:35":16,"s:177:20:191:Infinity":60,"b:180:49:180:61:180:61:180:Infinity":14,"b:185:41:185:52:185:52:185:Infinity":15,"b:197:11:197:20:197:20:197:Infinity":16,"f:200:14:200:29":17,"s:200:29:200:48":61,"b:224:28:224:45:224:45:224:Infinity":17}}}
,"/Users/lmarinaro/Developer/Investigacion/prunape/.worktrees/docs-and-tests/frontend/src/pages/PatientCreatePage.tsx": {"path":"/Users/lmarinaro/Developer/Investigacion/prunape/.worktrees/docs-and-tests/frontend/src/pages/PatientCreatePage.tsx","statementMap":{"0":{"start":{"line":6,"column":8},"end":{"line":6,"column":32}},"1":{"start":{"line":7,"column":15},"end":{"line":7,"column":38}},"2":{"start":{"line":8,"column":20},"end":{"line":8,"column":48}},"3":{"start":{"line":9,"column":20},"end":{"line":9,"column":56}},"4":{"start":{"line":10,"column":16},"end":{"line":10,"column":40}},"5":{"start":{"line":11,"column":21},"end":{"line":11,"column":53}},"6":{"start":{"line":13,"column":23},"end":{"line":31,"column":null}},"7":{"start":{"line":14,"column":4},"end":{"line":14,"column":null}},"8":{"start":{"line":15,"column":4},"end":{"line":15,"column":null}},"9":{"start":{"line":16,"column":4},"end":{"line":18,"column":null}},"10":{"start":{"line":17,"column":6},"end":{"line":17,"column":null}},"11":{"start":{"line":18,"column":6},"end":{"line":18,"column":null}},"12":{"start":{"line":20,"column":4},"end":{"line":20,"column":null}},"13":{"start":{"line":21,"column":4},"end":{"line":31,"column":null}},"14":{"start":{"line":22,"column":22},"end":{"line":26,"column":8}},"15":{"start":{"line":27,"column":6},"end":{"line":27,"column":null}},"16":{"start":{"line":29,"column":6},"end":{"line":29,"column":null}},"17":{"start":{"line":31,"column":6},"end":{"line":31,"column":null}},"18":{"start":{"line":35,"column":2},"end":{"line":84,"column":null}},"19":{"start":{"line":44,"column":29},"end":{"line":44,"column":52}},"20":{"start":{"line":53,"column":29},"end":{"line":53,"column":57}},"21":{"start":{"line":64,"column":29},"end":{"line":64,"column":57}}},"fnMap":{"0":{"name":"PatientCreatePage","decl":{"start":{"line":5,"column":24},"end":{"line":5,"column":44}},"loc":{"start":{"line":5,"column":44},"end":{"line":84,"column":null}},"line":5},"1":{"name":"(anonymous_1)","decl":{"start":{"line":13,"column":23},"end":{"line":13,"column":30}},"loc":{"start":{"line":13,"column":53},"end":{"line":31,"column":null}},"line":13},"2":{"name":"(anonymous_2)","decl":{"start":{"line":44,"column":12},"end":{"line":44,"column":23}},"loc":{"start":{"line":44,"column":29},"end":{"line":44,"column":52}},"line":44},"3":{"name":"(anonymous_3)","decl":{"start":{"line":53,"column":12},"end":{"line":53,"column":23}},"loc":{"start":{"line":53,"column":29},"end":{"line":53,"column":57}},"line":53},"4":{"name":"(anonymous_4)","decl":{"start":{"line":64,"column":12},"end":{"line":64,"column":23}},"loc":{"start":{"line":64,"column":29},"end":{"line":64,"column":57}},"line":64}},"branchMap":{"0":{"loc":{"start":{"line":16,"column":4},"end":{"line":18,"column":null}},"type":"if","locations":[{"start":{"line":16,"column":4},"end":{"line":18,"column":null}},{"start":{},"end":{}}],"line":16},"1":{"loc":{"start":{"line":16,"column":8},"end":{"line":16,"column":36}},"type":"binary-expr","locations":[{"start":{"line":16,"column":8},"end":{"line":16,"column":20}},{"start":{"line":16,"column":24},"end":{"line":16,"column":36}}],"line":16},"2":{"loc":{"start":{"line":25,"column":31},"end":{"line":25,"column":null}},"type":"cond-expr","locations":[{"start":{"line":25,"column":43},"end":{"line":25,"column":62}},{"start":{"line":25,"column":65},"end":{"line":25,"column":null}}],"line":25},"3":{"loc":{"start":{"line":69,"column":9},"end":{"line":69,"column":null}},"type":"binary-expr","locations":[{"start":{"line":69,"column":9},"end":{"line":69,"column":18}},{"start":{"line":69,"column":18},"end":{"line":69,"column":null}}],"line":69},"4":{"loc":{"start":{"line":83,"column":11},"end":{"line":83,"column":null}},"type":"cond-expr","locations":[{"start":{"line":83,"column":24},"end":{"line":83,"column":41}},{"start":{"line":83,"column":41},"end":{"line":83,"column":null}}],"line":83}},"s":{"0":36,"1":36,"2":36,"3":36,"4":36,"5":36,"6":36,"7":5,"8":5,"9":5,"10":2,"11":2,"12":3,"13":3,"14":3,"15":1,"16":1,"17":2,"18":36,"19":19,"20":3,"21":0},"f":{"0":36,"1":5,"2":19,"3":3,"4":0},"b":{"0":[2,3],"1":[5,4],"2":[0,3],"3":[36,3],"4":[3,33]},"meta":{"lastBranch":5,"lastFunction":5,"lastStatement":22,"seen":{"f:5:24:5:44":0,"s:6:8:6:32":0,"s:7:15:7:38":1,"s:8:20:8:48":2,"s:9:20:9:56":3,"s:10:16:10:40":4,"s:11:21:11:53":5,"s:13:23:31:Infinity":6,"f:13:23:13:30":1,"s:14:4:14:Infinity":7,"s:15:4:15:Infinity":8,"b:16:4:18:Infinity:undefined:undefined:undefined:undefined":0,"s:16:4:18:Infinity":9,"b:16:8:16:20:16:24:16:36":1,"s:17:6:17:Infinity":10,"s:18:6:18:Infinity":11,"s:20:4:20:Infinity":12,"s:21:4:31:Infinity":13,"s:22:22:26:8":14,"b:25:43:25:62:25:65:25:Infinity":2,"s:27:6:27:Infinity":15,"s:29:6:29:Infinity":16,"s:31:6:31:Infinity":17,"s:35:2:84:Infinity":18,"f:44:12:44:23":2,"s:44:29:44:52":19,"f:53:12:53:23":3,"s:53:29:53:57":20,"f:64:12:64:23":4,"s:64:29:64:57":21,"b:69:9:69:18:69:18:69:Infinity":3,"b:83:24:83:41:83:41:83:Infinity":4}}}
,"/Users/lmarinaro/Developer/Investigacion/prunape/.worktrees/docs-and-tests/frontend/src/pages/PatientDetailPage.tsx": {"path":"/Users/lmarinaro/Developer/Investigacion/prunape/.worktrees/docs-and-tests/frontend/src/pages/PatientDetailPage.tsx","statementMap":{"0":{"start":{"line":7,"column":10},"end":{"line":7,"column":44}},"1":{"start":{"line":8,"column":18},"end":{"line":8,"column":68}},"2":{"start":{"line":9,"column":18},"end":{"line":9,"column":46}},"3":{"start":{"line":11,"column":2},"end":{"line":17,"column":null}},"4":{"start":{"line":12,"column":4},"end":{"line":15,"column":null}},"5":{"start":{"line":13,"column":6},"end":{"line":15,"column":null}},"6":{"start":{"line":15,"column":23},"end":{"line":15,"column":40}},"7":{"start":{"line":19,"column":2},"end":{"line":19,"column":null}},"8":{"start":{"line":19,"column":15},"end":{"line":19,"column":null}},"9":{"start":{"line":20,"column":2},"end":{"line":20,"column":null}},"10":{"start":{"line":20,"column":16},"end":{"line":20,"column":null}},"11":{"start":{"line":22,"column":2},"end":{"line":94,"column":null}},"12":{"start":{"line":66,"column":14},"end":{"line":89,"column":null}}},"fnMap":{"0":{"name":"PatientDetailPage","decl":{"start":{"line":6,"column":24},"end":{"line":6,"column":44}},"loc":{"start":{"line":6,"column":44},"end":{"line":94,"column":null}},"line":6},"1":{"name":"(anonymous_1)","decl":{"start":{"line":11,"column":2},"end":{"line":11,"column":18}},"loc":{"start":{"line":11,"column":18},"end":{"line":17,"column":6}},"line":11},"2":{"name":"(anonymous_2)","decl":{"start":{"line":15,"column":9},"end":{"line":15,"column":23}},"loc":{"start":{"line":15,"column":23},"end":{"line":15,"column":40}},"line":15},"3":{"name":"(anonymous_3)","decl":{"start":{"line":65,"column":33},"end":{"line":65,"column":38}},"loc":{"start":{"line":66,"column":14},"end":{"line":89,"column":null}},"line":66}},"branchMap":{"0":{"loc":{"start":{"line":12,"column":4},"end":{"line":15,"column":null}},"type":"if","locations":[{"start":{"line":12,"column":4},"end":{"line":15,"column":null}},{"start":{},"end":{}}],"line":12},"1":{"loc":{"start":{"line":19,"column":2},"end":{"line":19,"column":null}},"type":"if","locations":[{"start":{"line":19,"column":2},"end":{"line":19,"column":null}},{"start":{},"end":{}}],"line":19},"2":{"loc":{"start":{"line":20,"column":2},"end":{"line":20,"column":null}},"type":"if","locations":[{"start":{"line":20,"column":2},"end":{"line":20,"column":null}},{"start":{},"end":{}}],"line":20},"3":{"loc":{"start":{"line":32,"column":11},"end":{"line":32,"column":null}},"type":"cond-expr","locations":[{"start":{"line":32,"column":43},"end":{"line":32,"column":88}},{"start":{"line":32,"column":88},"end":{"line":32,"column":null}}],"line":32},"4":{"loc":{"start":{"line":52,"column":7},"end":{"line":91,"column":null}},"type":"cond-expr","locations":[{"start":{"line":53,"column":8},"end":{"line":55,"column":9}},{"start":{"line":55,"column":8},"end":{"line":91,"column":null}}],"line":52},"5":{"loc":{"start":{"line":74,"column":19},"end":{"line":74,"column":null}},"type":"cond-expr","locations":[{"start":{"line":74,"column":45},"end":{"line":74,"column":84}},{"start":{"line":74,"column":84},"end":{"line":74,"column":null}}],"line":74},"6":{"loc":{"start":{"line":79,"column":34},"end":{"line":79,"column":null}},"type":"cond-expr","locations":[{"start":{"line":79,"column":56},"end":{"line":79,"column":68}},{"start":{"line":79,"column":68},"end":{"line":79,"column":null}}],"line":79},"7":{"loc":{"start":{"line":80,"column":29},"end":{"line":80,"column":null}},"type":"cond-expr","locations":[{"start":{"line":80,"column":51},"end":{"line":80,"column":63}},{"start":{"line":80,"column":63},"end":{"line":80,"column":null}}],"line":80},"8":{"loc":{"start":{"line":86,"column":21},"end":{"line":86,"column":null}},"type":"cond-expr","locations":[{"start":{"line":86,"column":43},"end":{"line":86,"column":52}},{"start":{"line":86,"column":52},"end":{"line":86,"column":null}}],"line":86}},"s":{"0":19,"1":19,"2":19,"3":19,"4":10,"5":10,"6":10,"7":19,"8":10,"9":9,"10":9,"11":9,"12":3},"f":{"0":19,"1":10,"2":10,"3":3},"b":{"0":[10,0],"1":[10,9],"2":[0,9],"3":[1,8],"4":[6,3],"5":[0,3],"6":[2,1],"7":[2,1],"8":[2,1]},"meta":{"lastBranch":9,"lastFunction":4,"lastStatement":13,"seen":{"f:6:24:6:44":0,"s:7:10:7:44":0,"s:8:18:8:68":1,"s:9:18:9:46":2,"s:11:2:17:Infinity":3,"f:11:2:11:18":1,"b:12:4:15:Infinity:undefined:undefined:undefined:undefined":0,"s:12:4:15:Infinity":4,"s:13:6:15:Infinity":5,"f:15:9:15:23":2,"s:15:23:15:40":6,"b:19:2:19:Infinity:undefined:undefined:undefined:undefined":1,"s:19:2:19:Infinity":7,"s:19:15:19:Infinity":8,"b:20:2:20:Infinity:undefined:undefined:undefined:undefined":2,"s:20:2:20:Infinity":9,"s:20:16:20:Infinity":10,"s:22:2:94:Infinity":11,"b:32:43:32:88:32:88:32:Infinity":3,"b:53:8:55:9:55:8:91:Infinity":4,"f:65:33:65:38":3,"s:66:14:89:Infinity":12,"b:74:45:74:84:74:84:74:Infinity":5,"b:79:56:79:68:79:68:79:Infinity":6,"b:80:51:80:63:80:63:80:Infinity":7,"b:86:43:86:52:86:52:86:Infinity":8}}}
,"/Users/lmarinaro/Developer/Investigacion/prunape/.worktrees/docs-and-tests/frontend/src/pages/PatientListPage.tsx": {"path":"/Users/lmarinaro/Developer/Investigacion/prunape/.worktrees/docs-and-tests/frontend/src/pages/PatientListPage.tsx","statementMap":{"0":{"start":{"line":7,"column":19},"end":{"line":7,"column":57}},"1":{"start":{"line":8,"column":17},"end":{"line":8,"column":42}},"2":{"start":{"line":9,"column":18},"end":{"line":9,"column":46}},"3":{"start":{"line":11,"column":2},"end":{"line":19,"column":null}},"4":{"start":{"line":12,"column":18},"end":{"line":17,"column":11}},"5":{"start":{"line":13,"column":6},"end":{"line":13,"column":null}},"6":{"start":{"line":14,"column":6},"end":{"line":16,"column":null}},"7":{"start":{"line":16,"column":23},"end":{"line":16,"column":40}},"8":{"start":{"line":18,"column":4},"end":{"line":18,"column":null}},"9":{"start":{"line":18,"column":17},"end":{"line":18,"column":36}},"10":{"start":{"line":21,"column":2},"end":{"line":83,"column":null}},"11":{"start":{"line":42,"column":25},"end":{"line":42,"column":50}},"12":{"start":{"line":68,"column":14},"end":{"line":78,"column":null}}},"fnMap":{"0":{"name":"PatientListPage","decl":{"start":{"line":6,"column":24},"end":{"line":6,"column":42}},"loc":{"start":{"line":6,"column":42},"end":{"line":83,"column":null}},"line":6},"1":{"name":"(anonymous_1)","decl":{"start":{"line":11,"column":2},"end":{"line":11,"column":18}},"loc":{"start":{"line":11,"column":18},"end":{"line":19,"column":6}},"line":11},"2":{"name":"(anonymous_2)","decl":{"start":{"line":12,"column":18},"end":{"line":12,"column":35}},"loc":{"start":{"line":12,"column":35},"end":{"line":17,"column":11}},"line":12},"3":{"name":"(anonymous_3)","decl":{"start":{"line":16,"column":9},"end":{"line":16,"column":23}},"loc":{"start":{"line":16,"column":23},"end":{"line":16,"column":40}},"line":16},"4":{"name":"(anonymous_4)","decl":{"start":{"line":18,"column":4},"end":{"line":18,"column":17}},"loc":{"start":{"line":18,"column":17},"end":{"line":18,"column":36}},"line":18},"5":{"name":"(anonymous_5)","decl":{"start":{"line":42,"column":8},"end":{"line":42,"column":19}},"loc":{"start":{"line":42,"column":25},"end":{"line":42,"column":50}},"line":42},"6":{"name":"(anonymous_6)","decl":{"start":{"line":67,"column":22},"end":{"line":67,"column":27}},"loc":{"start":{"line":68,"column":14},"end":{"line":78,"column":null}},"line":68}},"branchMap":{"0":{"loc":{"start":{"line":53,"column":7},"end":{"line":80,"column":null}},"type":"cond-expr","locations":[{"start":{"line":54,"column":8},"end":{"line":55,"column":19}},{"start":{"line":55,"column":10},"end":{"line":80,"column":null}}],"line":53},"1":{"loc":{"start":{"line":55,"column":10},"end":{"line":80,"column":null}},"type":"cond-expr","locations":[{"start":{"line":56,"column":8},"end":{"line":58,"column":9}},{"start":{"line":58,"column":8},"end":{"line":80,"column":null}}],"line":55},"2":{"loc":{"start":{"line":77,"column":54},"end":{"line":77,"column":96}},"type":"binary-expr","locations":[{"start":{"line":77,"column":54},"end":{"line":77,"column":81}},{"start":{"line":77,"column":81},"end":{"line":77,"column":96}}],"line":77}},"s":{"0":20,"1":20,"2":20,"3":20,"4":13,"5":7,"6":7,"7":7,"8":13,"9":13,"10":20,"11":4,"12":5},"f":{"0":20,"1":13,"2":7,"3":7,"4":13,"5":4,"6":5},"b":{"0":[9,11],"1":[7,4],"2":[5,4]},"meta":{"lastBranch":3,"lastFunction":7,"lastStatement":13,"seen":{"f:6:24:6:42":0,"s:7:19:7:57":0,"s:8:17:8:42":1,"s:9:18:9:46":2,"s:11:2:19:Infinity":3,"f:11:2:11:18":1,"s:12:18:17:11":4,"f:12:18:12:35":2,"s:13:6:13:Infinity":5,"s:14:6:16:Infinity":6,"f:16:9:16:23":3,"s:16:23:16:40":7,"s:18:4:18:Infinity":8,"f:18:4:18:17":4,"s:18:17:18:36":9,"s:21:2:83:Infinity":10,"f:42:8:42:19":5,"s:42:25:42:50":11,"b:54:8:55:19:55:10:80:Infinity":0,"b:56:8:58:9:58:8:80:Infinity":1,"f:67:22:67:27":6,"s:68:14:78:Infinity":12,"b:77:54:77:81:77:81:77:96":2}}}
,"/Users/lmarinaro/Developer/Investigacion/prunape/.worktrees/docs-and-tests/frontend/src/types/index.ts": {"path":"/Users/lmarinaro/Developer/Investigacion/prunape/.worktrees/docs-and-tests/frontend/src/types/index.ts","statementMap":{},"fnMap":{},"branchMap":{},"s":{},"f":{},"b":{},"meta":{"lastBranch":0,"lastFunction":0,"lastStatement":0,"seen":{}}}
}
